0 info it worked if it ends with ok
1 verbose cli [ '/usr/bin/nodejs',
1 verbose cli   '/usr/bin/npm',
1 verbose cli   'i',
1 verbose cli   '-g',
1 verbose cli   'npm',
1 verbose cli   'to',
1 verbose cli   'ipdate' ]
2 info using npm@3.5.2
3 info using node@v4.2.6
4 silly loadCurrentTree Starting
5 silly install loadCurrentTree
6 silly install readGlobalPackageData
7 silly fetchPackageMetaData npm
8 silly fetchPackageMetaData to
9 silly fetchPackageMetaData ipdate
10 silly fetchNamedPackageData npm
11 silly mapToRegistry name npm
12 silly mapToRegistry using default registry
13 silly mapToRegistry registry https://registry.npmjs.org/
14 silly mapToRegistry uri https://registry.npmjs.org/npm
15 silly fetchNamedPackageData to
16 silly mapToRegistry name to
17 silly mapToRegistry using default registry
18 silly mapToRegistry registry https://registry.npmjs.org/
19 silly mapToRegistry uri https://registry.npmjs.org/to
20 silly fetchNamedPackageData ipdate
21 silly mapToRegistry name ipdate
22 silly mapToRegistry using default registry
23 silly mapToRegistry registry https://registry.npmjs.org/
24 silly mapToRegistry uri https://registry.npmjs.org/ipdate
25 verbose request uri https://registry.npmjs.org/npm
26 verbose request no auth needed
27 info attempt registry request try #1 at 8:50:43 p. m.
28 verbose request id 78e5ea89180c727f
29 http request GET https://registry.npmjs.org/npm
30 verbose request uri https://registry.npmjs.org/to
31 verbose request no auth needed
32 info attempt registry request try #1 at 8:50:43 p. m.
33 http request GET https://registry.npmjs.org/to
34 verbose request uri https://registry.npmjs.org/ipdate
35 verbose request no auth needed
36 info attempt registry request try #1 at 8:50:43 p. m.
37 http request GET https://registry.npmjs.org/ipdate
38 http 200 https://registry.npmjs.org/to
39 verbose headers { server: 'nginx/1.10.3',
39 verbose headers   'content-type': 'application/json',
39 verbose headers   'last-modified': 'Wed, 12 Dec 2012 02:47:19 GMT',
39 verbose headers   etag: 'W/"50c7f037-91a2"',
39 verbose headers   'content-encoding': 'gzip',
39 verbose headers   'cache-control': 'max-age=300',
39 verbose headers   'content-length': '3493',
39 verbose headers   'accept-ranges': 'bytes',
39 verbose headers   date: 'Fri, 16 Jun 2017 00:50:54 GMT',
39 verbose headers   via: '1.1 varnish',
39 verbose headers   age: '0',
39 verbose headers   connection: 'keep-alive',
39 verbose headers   'x-served-by': 'cache-gru7122-GRU',
39 verbose headers   'x-cache': 'MISS',
39 verbose headers   'x-cache-hits': '0',
39 verbose headers   'x-timer': 'S1497574254.118544,VS0,VE230',
39 verbose headers   vary: 'Accept-Encoding' }
40 silly get cb [ 200,
40 silly get   { server: 'nginx/1.10.3',
40 silly get     'content-type': 'application/json',
40 silly get     'last-modified': 'Wed, 12 Dec 2012 02:47:19 GMT',
40 silly get     etag: 'W/"50c7f037-91a2"',
40 silly get     'content-encoding': 'gzip',
40 silly get     'cache-control': 'max-age=300',
40 silly get     'content-length': '3493',
40 silly get     'accept-ranges': 'bytes',
40 silly get     date: 'Fri, 16 Jun 2017 00:50:54 GMT',
40 silly get     via: '1.1 varnish',
40 silly get     age: '0',
40 silly get     connection: 'keep-alive',
40 silly get     'x-served-by': 'cache-gru7122-GRU',
40 silly get     'x-cache': 'MISS',
40 silly get     'x-cache-hits': '0',
40 silly get     'x-timer': 'S1497574254.118544,VS0,VE230',
40 silly get     vary: 'Accept-Encoding' } ]
41 verbose get saving to to /home/paco/.npm/registry.npmjs.org/to/.cache.json
42 http 404 https://registry.npmjs.org/ipdate
43 verbose headers { 'content-type': 'application/json',
43 verbose headers   'cache-control': 'max-age=0',
43 verbose headers   'content-length': '2',
43 verbose headers   'accept-ranges': 'bytes',
43 verbose headers   date: 'Fri, 16 Jun 2017 00:50:55 GMT',
43 verbose headers   via: '1.1 varnish',
43 verbose headers   age: '0',
43 verbose headers   connection: 'keep-alive',
43 verbose headers   'x-served-by': 'cache-gru7126-GRU',
43 verbose headers   'x-cache': 'MISS',
43 verbose headers   'x-cache-hits': '0',
43 verbose headers   'x-timer': 'S1497574254.097124,VS0,VE1142',
43 verbose headers   vary: 'Accept-Encoding' }
44 silly get cb [ 404,
44 silly get   { 'content-type': 'application/json',
44 silly get     'cache-control': 'max-age=0',
44 silly get     'content-length': '2',
44 silly get     'accept-ranges': 'bytes',
44 silly get     date: 'Fri, 16 Jun 2017 00:50:55 GMT',
44 silly get     via: '1.1 varnish',
44 silly get     age: '0',
44 silly get     connection: 'keep-alive',
44 silly get     'x-served-by': 'cache-gru7126-GRU',
44 silly get     'x-cache': 'MISS',
44 silly get     'x-cache-hits': '0',
44 silly get     'x-timer': 'S1497574254.097124,VS0,VE1142',
44 silly get     vary: 'Accept-Encoding' } ]
45 silly fetchPackageMetaData Error: Registry returned 404 for GET on https://registry.npmjs.org/ipdate
45 silly fetchPackageMetaData     at makeError (/usr/share/npm/node_modules/npm-registry-client/lib/request.js:264:12)
45 silly fetchPackageMetaData     at CachingRegistryClient.<anonymous> (/usr/share/npm/node_modules/npm-registry-client/lib/request.js:242:14)
45 silly fetchPackageMetaData     at Request._callback (/usr/share/npm/node_modules/npm-registry-client/lib/request.js:172:14)
45 silly fetchPackageMetaData     at Request.self.callback (/usr/share/npm/node_modules/request/request.js:198:22)
45 silly fetchPackageMetaData     at emitTwo (events.js:87:13)
45 silly fetchPackageMetaData     at Request.emit (events.js:172:7)
45 silly fetchPackageMetaData     at Request.<anonymous> (/usr/share/npm/node_modules/request/request.js:1082:10)
45 silly fetchPackageMetaData     at emitOne (events.js:82:20)
45 silly fetchPackageMetaData     at Request.emit (events.js:169:7)
45 silly fetchPackageMetaData     at IncomingMessage.<anonymous> (/usr/share/npm/node_modules/request/request.js:1009:12)
45 silly fetchPackageMetaData  error for ipdate { [Error: Registry returned 404 for GET on https://registry.npmjs.org/ipdate] pkgid: 'ipdate', statusCode: 404, code: 'E404' }
46 http 200 https://registry.npmjs.org/npm
47 verbose headers { server: 'nginx/1.10.3',
47 verbose headers   'content-type': 'application/json',
47 verbose headers   'last-modified': 'Mon, 05 Jun 2017 23:14:07 GMT',
47 verbose headers   etag: 'W/"5935e5bf-634866"',
47 verbose headers   'content-encoding': 'gzip',
47 verbose headers   'cache-control': 'max-age=300',
47 verbose headers   'content-length': '502287',
47 verbose headers   'accept-ranges': 'bytes',
47 verbose headers   date: 'Fri, 16 Jun 2017 00:51:06 GMT',
47 verbose headers   via: '1.1 varnish',
47 verbose headers   age: '251',
47 verbose headers   connection: 'keep-alive',
47 verbose headers   'x-served-by': 'cache-gru7126-GRU',
47 verbose headers   'x-cache': 'HIT',
47 verbose headers   'x-cache-hits': '6',
47 verbose headers   'x-timer': 'S1497574266.221598,VS0,VE0',
47 verbose headers   vary: 'Accept-Encoding' }
48 silly get cb [ 200,
48 silly get   { server: 'nginx/1.10.3',
48 silly get     'content-type': 'application/json',
48 silly get     'last-modified': 'Mon, 05 Jun 2017 23:14:07 GMT',
48 silly get     etag: 'W/"5935e5bf-634866"',
48 silly get     'content-encoding': 'gzip',
48 silly get     'cache-control': 'max-age=300',
48 silly get     'content-length': '502287',
48 silly get     'accept-ranges': 'bytes',
48 silly get     date: 'Fri, 16 Jun 2017 00:51:06 GMT',
48 silly get     via: '1.1 varnish',
48 silly get     age: '251',
48 silly get     connection: 'keep-alive',
48 silly get     'x-served-by': 'cache-gru7126-GRU',
48 silly get     'x-cache': 'HIT',
48 silly get     'x-cache-hits': '6',
48 silly get     'x-timer': 'S1497574266.221598,VS0,VE0',
48 silly get     vary: 'Accept-Encoding' } ]
49 verbose get saving npm to /home/paco/.npm/registry.npmjs.org/npm/.cache.json
50 silly rollbackFailedOptional Starting
51 silly rollbackFailedOptional Finishing
52 silly runTopLevelLifecycles Starting
53 silly runTopLevelLifecycles Finishing
54 silly install printInstalled
55 verbose stack Error: Registry returned 404 for GET on https://registry.npmjs.org/ipdate
55 verbose stack     at makeError (/usr/share/npm/node_modules/npm-registry-client/lib/request.js:264:12)
55 verbose stack     at CachingRegistryClient.<anonymous> (/usr/share/npm/node_modules/npm-registry-client/lib/request.js:242:14)
55 verbose stack     at Request._callback (/usr/share/npm/node_modules/npm-registry-client/lib/request.js:172:14)
55 verbose stack     at Request.self.callback (/usr/share/npm/node_modules/request/request.js:198:22)
55 verbose stack     at emitTwo (events.js:87:13)
55 verbose stack     at Request.emit (events.js:172:7)
55 verbose stack     at Request.<anonymous> (/usr/share/npm/node_modules/request/request.js:1082:10)
55 verbose stack     at emitOne (events.js:82:20)
55 verbose stack     at Request.emit (events.js:169:7)
55 verbose stack     at IncomingMessage.<anonymous> (/usr/share/npm/node_modules/request/request.js:1009:12)
56 verbose statusCode 404
57 verbose pkgid ipdate
58 verbose cwd /home/paco/Documentos/proyectoseminario
59 error Linux 4.8.0-52-generic
60 error argv "/usr/bin/nodejs" "/usr/bin/npm" "i" "-g" "npm" "to" "ipdate"
61 error node v4.2.6
62 error npm  v3.5.2
63 error code E404
64 error 404 Registry returned 404 for GET on https://registry.npmjs.org/ipdate
65 error 404
66 error 404 'ipdate' is not in the npm registry.
67 error 404 You should bug the author to publish it (or use the name yourself!)
68 error 404 Note that you can also install from a
69 error 404 tarball, folder, http url, or git url.
70 verbose exit [ 1, true ]
